#
# A fatal error has been detected by the Java Runtime Environment:
#
#  SIGSEGV (0xb) at pc=0x0000000000513c60, pid=14173, tid=0x00007f075e6d0740
#
# JRE version: OpenJDK Runtime Environment (8.0_292-b10) (build 1.8.0_292-8u292-b10-0ubuntu1~18.04-b10)
# Java VM: OpenJDK 64-Bit Server VM (25.292-b10 mixed mode linux-amd64 compressed oops)
# Problematic frame:
# C  [python3+0x113c60]
#
# Failed to write core dump. Core dumps have been disabled. To enable core dumping, try "ulimit -c unlimited" before starting Java again
#
# If you would like to submit a bug report, please visit:
#   http://bugreport.java.com/bugreport/crash.jsp
# The crash happened outside the Java Virtual Machine in native code.
# See problematic frame for where to report the bug.
#

---------------  T H R E A D  ---------------

Current thread (0x0000000002803800):  JavaThread "main" [_thread_in_native, id=14173, stack(0x00007fffd779c000,0x00007fffd789c000)]

siginfo: si_signo: 11 (SIGSEGV), si_code: 1 (SEGV_MAPERR), si_addr: 0x00000000000000ab

Registers:
RAX=0x0000000000000000, RBX=0x00007f074d7baa20, RCX=0x00007fffd78937a0, RDX=0x00007fffd7893860
RSP=0x00007fffd7893860, RBP=0x00007f074d7b7a60, RSI=0x00007f074d7b7a60, RDI=0x00007f06f5e94288
R8 =0x0000000000000002, R9 =0x00007fffd7893878, R10=0x00007f074d7baa20, R11=0x00007fffd7893870
R12=0x00007fffd78939b0, R13=0x0000000003a4bf68, R14=0x0000000000000000, R15=0x00007f074d7b7a60
RIP=0x0000000000513c60, EFLAGS=0x0000000000010283, CSGSFS=0x002b000000000033, ERR=0x0000000000000004
  TRAPNO=0x000000000000000e

Top of Stack: (sp=0x00007fffd7893860)
0x00007fffd7893860:   00007f075c09d598 00007f075b23e420
0x00007fffd7893870:   00007f074d7baa20 00007f074d7b7a60
0x00007fffd7893880:   0000000003a4bdd8 0000000000000002
0x00007fffd7893890:   00007f075e6c7c18 00007fffd78939b0
0x00007fffd78938a0:   0000000003a4bf68 000000000050a22f
0x00007fffd78938b0:   00007f06f5e94288 0000000000000000
0x00007fffd78938c0:   0000000000000000 0000000000513bd0
0x00007fffd78938d0:   00007f075e6c9638 0000000000000000
0x00007fffd78938e0:   00007f07126a9a80 000000000246f340
0x00007fffd78938f0:   00007f075e690048 00007f07198677ae
0x00007fffd7893900:   0000000003a4bf80 00000000018b1210
0x00007fffd7893910:   0000000003a4bdd8 0000000000000000
0x00007fffd7893920:   0000000000000002 000000000050bf44
0x00007fffd7893930:   0000000000000000 00007f0719867790
0x00007fffd7893940:   0000000003a4bf50 00007f0718f74d58
0x00007fffd7893950:   00007f07540b5c28 00007f0716ba9bd8
0x00007fffd7893960:   00007f0716bb0c90 00007f075cfce228
0x00007fffd7893970:   0000000003a4bf68 ffffffffffffffff
0x00007fffd7893980:   00007f07126a9e20 00007fffd7893a30
0x00007fffd7893990:   00007f075407a3a8 00007f075969f928
0x00007fffd78939a0:   00007f0714799e58 000000000055cf6d
0x00007fffd78939b0:   0000000003a4bf80 00007f075cfce228
0x00007fffd78939c0:   00007f0716bad0c0 00007fffd7893ba0
0x00007fffd78939d0:   0000000000000001 00007f0716ba7708
0x00007fffd78939e0:   00007f07126a9e20 0000000000509a00
0x00007fffd78939f0:   00007f07126a9e28 0000000000000000
0x00007fffd7893a00:   0000000000000001 0000000003a4bdd8
0x00007fffd7893a10:   0000000003a4bf50 00007f074d7b7a60
0x00007fffd7893a20:   00000000018b1210 00000000009d2800
0x00007fffd7893a30:   00000000018b0970 00000000005096c8
0x00007fffd7893a40:   00000000018b1210 00007f075e695b20
0x00007fffd7893a50:   00007f075e694138 00007f074c6e9180 

Instructions: (pc=0x0000000000513c60)
0x0000000000513c40:   05 1a ef 4b 00 01 48 83 c4 28 b8 60 2b 9d 00 5b
0x0000000000513c50:   5d 41 5c 41 5d c3 66 2e 0f 1f 84 00 00 00 00 00
0x0000000000513c60:   f6 80 ab 00 00 00 04 0f 84 53 01 00 00 4c 8b 25
0x0000000000513c70:   7c af 55 00 41 8b 44 24 20 83 c0 01 3b 05 0e e9 

Register to memory mapping:

RAX=0x0000000000000000 is an unknown value
RBX=